This file contains any messages produced by compilers while
running configure, to aid debugging if configure makes a mistake.

It was created by GROMACS configure 3.3.3, which was
generated by GNU Autoconf 2.61.  Invocation command line was

  $ ./configure --enable-double

## --------- ##
## Platform. ##
## --------- ##

hostname = rotbein
uname -m = x86_64
uname -r = 2.6.22.19-0.1-default
uname -s = Linux
uname -v = #1 SMP 2008-10-14 22:17:43 +0200

/usr/bin/uname -p = unknown
/bin/uname -X     = unknown

/bin/arch              = x86_64
/usr/bin/arch -k       = unknown
/usr/convex/getsysinfo = unknown
/usr/bin/hostinfo      = unknown
/bin/machine           = unknown
/usr/bin/oslevel       = unknown
/bin/universe          = unknown

PATH: /home/dseelig/gromacs-4.0.2//bin
PATH: /opt/kde3/bin
PATH: /home/dseelig/bin
PATH: /home/dseelig/bin
PATH: /usr/local/bin
PATH: /usr/bin
PATH: /usr/X11R6/bin
PATH: /bin
PATH: /var/lib/dosemu
PATH: /usr/games
PATH: /opt/bin
PATH: /opt/kde2/bin
PATH: /opt/kde/bin
PATH: /usr/openwin/bin
PATH: /opt/cross/bin
PATH: /usr/bin/X11
PATH: /usr/lib/mit/bin
PATH: /usr/lib/mit/sbin
PATH: /opt/gnome/bin
PATH: /usr/lib/qt3/bin
PATH: /home/dseelig/tCONCOORD-1.0/bin
PATH: /home/dseelig/ADT_bin
PATH: /usr/local/bin
PATH: .
PATH: /usr/local/lam/bin
PATH: /usr/local/amber9/exe
PATH: /home/dseelig/scripts
PATH: /usr/local/g03/bsd
PATH: /usr/local/g03/private
PATH: /usr/local/g03
PATH: /home/dseelig/tCONCOORD-1.0/bin
PATH: /home/dseelig/ADT_bin
PATH: /usr/local/lam/bin
PATH: /usr/local/amber9/exe
PATH: /home/dseelig/scripts
PATH: /usr/local/g03/bsd
PATH: /usr/local/g03/private
PATH: /usr/local/g03


## ----------- ##
## Core tests. ##
## ----------- ##

configure:2071: checking build system type
configure:2089: result: x86_64-unknown-linux-gnu
configure:2111: checking host system type
configure:2126: result: x86_64-unknown-linux-gnu
configure:2164: checking for a BSD-compatible install
configure:2220: result: /usr/bin/install -c
configure:2231: checking whether build environment is sane
configure:2274: result: yes
configure:2302: checking for a thread-safe mkdir -p
configure:2341: result: /bin/mkdir -p
configure:2354: checking for gawk
configure:2370: found /usr/bin/gawk
configure:2381: result: gawk
configure:2392: checking whether make sets $(MAKE)
configure:2413: result: yes
configure:2596: checking how to create a ustar tar archive
configure:2609: tar --version
tar (GNU tar) 1.17
Copyright (C) 2007 Free Software Foundation, Inc.
License GPLv2+: GNU GPL version 2 or later <http://gnu.org/licenses/gpl.html>
This is free software: you are free to change and redistribute it.
There is NO WARRANTY, to the extent permitted by law.

Written by John Gilmore and Jay Fenlason.
configure:2612: $? = 0
configure:2652: tardir=conftest.dir && eval tar --format=ustar -chf - "$tardir" >conftest.tar
configure:2655: $? = 0
configure:2659: tar -xf - <conftest.tar
configure:2662: $? = 0
configure:2675: result: gnutar
configure:3201: checking for cc
configure:3217: found /usr/bin/cc
configure:3228: result: cc
configure:3264: checking for C compiler version
configure:3271: cc --version >&5
cc (GCC) 4.2.1 (SUSE Linux)
Copyright (C) 2007 Free Software Foundation, Inc.
This is free software; see the source for copying conditions.  There is NO
warranty; not even for MERCHANTABILITY or FITNESS FOR A PARTICULAR PURPOSE.

configure:3274: $? = 0
configure:3281: cc -v >&5
Using built-in specs.
Target: x86_64-suse-linux
Configured with: ../configure --enable-threads=posix --prefix=/usr --with-local-prefix=/usr/local --infodir=/usr/share/info --mandir=/usr/share/man --libdir=/usr/lib64 --libexecdir=/usr/lib64 --enable-languages=c,c++,objc,fortran,obj-c++,java,ada --enable-checking=release --with-gxx-include-dir=/usr/include/c++/4.2.1 --enable-ssp --disable-libssp --disable-libgcj --with-slibdir=/lib64 --with-system-zlib --enable-shared --enable-__cxa_atexit --enable-libstdcxx-allocator=new --disable-libstdcxx-pch --program-suffix=-4.2 --enable-version-specific-runtime-libs --without-system-libunwind --with-cpu=generic --host=x86_64-suse-linux
Thread model: posix
gcc version 4.2.1 (SUSE Linux)
configure:3284: $? = 0
configure:3291: cc -V >&5
cc: '-V' option must have argument
configure:3294: $? = 1
configure:3317: checking for C compiler default output file name
configure:3344: cc    conftest.c  >&5
configure:3347: $? = 0
configure:3385: result: a.out
configure:3402: checking whether the C compiler works
configure:3412: ./a.out
configure:3415: $? = 0
configure:3432: result: yes
configure:3439: checking whether we are cross compiling
configure:3441: result: no
configure:3444: checking for suffix of executables
configure:3451: cc -o conftest    conftest.c  >&5
configure:3454: $? = 0
configure:3478: result: 
configure:3484: checking for suffix of object files
configure:3510: cc -c   conftest.c >&5
configure:3513: $? = 0
configure:3536: result: o
configure:3540: checking whether we are using the GNU C compiler
configure:3569: cc -c   conftest.c >&5
configure:3575: $? = 0
configure:3592: result: yes
configure:3597: checking whether cc accepts -g
configure:3627: cc -c -g  conftest.c >&5
configure:3633: $? = 0
configure:3732: result: yes
configure:3749: checking for cc option to accept ISO C89
configure:3823: cc  -c -g -O2  conftest.c >&5
configure:3829: $? = 0
configure:3852: result: none needed
configure:3881: checking for style of include used by make
configure:3909: result: GNU
configure:3934: checking dependency style of cc
configure:4025: result: gcc3
configure:4323: checking dependency style of cc
configure:4414: result: gcc3
configure:5411: checking how to run the C preprocessor
configure:5451: cc -E  conftest.c
configure:5457: $? = 0
configure:5488: cc -E  conftest.c
conftest.c:18:28: error: ac_nonexistent.h: No such file or directory
configure:5494: $? = 1
configure: failed program was:
| /* confdefs.h.  */
| #define PACKAGE_NAME "GROMACS"
| #define PACKAGE_TARNAME "gromacs"
| #define PACKAGE_VERSION "3.3.3"
| #define PACKAGE_STRING "GROMACS 3.3.3"
| #define PACKAGE_BUGREPORT "gmx-users@gromacs.org"
| #define PACKAGE "gromacs"
| #define VERSION "3.3.3"
| #define GMX_DOUBLE
| #define GMX_SOFTWARE_SQRT
| #define GMX_QMMM_GAUSSIAN
| #define BUILD_TIME "Fri Jun  5 16:44:14 CEST 2009"
| #define BUILD_USER "dseelig@rotbein"
| #define BUILD_MACHINE "Linux 2.6.22.19-0.1-default x86_64"
| #define F77_OR_C_FUNC(name,NAME) name
| #define F77_OR_C_FUNC_(name,NAME) name
| /* end confdefs.h.  */
| #include <ac_nonexistent.h>
configure:5527: result: cc -E
configure:5556: cc -E  conftest.c
configure:5562: $? = 0
configure:5593: cc -E  conftest.c
conftest.c:18:28: error: ac_nonexistent.h: No such file or directory
configure:5599: $? = 1
configure: failed program was:
| /* confdefs.h.  */
| #define PACKAGE_NAME "GROMACS"
| #define PACKAGE_TARNAME "gromacs"
| #define PACKAGE_VERSION "3.3.3"
| #define PACKAGE_STRING "GROMACS 3.3.3"
| #define PACKAGE_BUGREPORT "gmx-users@gromacs.org"
| #define PACKAGE "gromacs"
| #define VERSION "3.3.3"
| #define GMX_DOUBLE
| #define GMX_SOFTWARE_SQRT
| #define GMX_QMMM_GAUSSIAN
| #define BUILD_TIME "Fri Jun  5 16:44:14 CEST 2009"
| #define BUILD_USER "dseelig@rotbein"
| #define BUILD_MACHINE "Linux 2.6.22.19-0.1-default x86_64"
| #define F77_OR_C_FUNC(name,NAME) name
| #define F77_OR_C_FUNC_(name,NAME) name
| /* end confdefs.h.  */
| #include <ac_nonexistent.h>
configure:6024: checking whether cc accepts -O3
configure:6042: result: yes
configure:6066: checking whether cc accepts -malign-double
configure:6084: result: no
configure:6353: checking whether cc accepts -funroll-all-loops
configure:6371: result: yes
configure:6410: checking whether cc accepts  -O3 -fomit-frame-pointer -finline-functions -Wall -Wno-unused -funroll-all-loops
configure:6428: result: yes
configure:6520: checking for grep that handles long lines and -e
configure:6594: result: /usr/bin/grep
configure:6599: checking for egrep
configure:6677: result: /usr/bin/grep -E
configure:6682: checking for ANSI C header files
configure:6720: cc -c  -O3 -fomit-frame-pointer -finline-functions -Wall -Wno-unused -funroll-all-loops  conftest.c >&5
configure:6726: $? = 0
configure:6825: cc -o conftest  -O3 -fomit-frame-pointer -finline-functions -Wall -Wno-unused -funroll-all-loops    conftest.c  >&5
configure:6828: $? = 0
configure:6834: ./conftest
configure:6837: $? = 0
configure:6854: result: yes
configure:6878: checking for sys/types.h
configure:6899: cc -c  -O3 -fomit-frame-pointer -finline-functions -Wall -Wno-unused -funroll-all-loops  conftest.c >&5
configure:6905: $? = 0
configure:6921: result: yes
configure:6878: checking for sys/stat.h
configure:6899: cc -c  -O3 -fomit-frame-pointer -finline-functions -Wall -Wno-unused -funroll-all-loops  conftest.c >&5
configure:6905: $? = 0
configure:6921: result: yes
configure:6878: checking for stdlib.h
configure:6899: cc -c  -O3 -fomit-frame-pointer -finline-functions -Wall -Wno-unused -funroll-all-loops  conftest.c >&5
configure:6905: $? = 0
configure:6921: result: yes
configure:6878: checking for string.h
configure:6899: cc -c  -O3 -fomit-frame-pointer -finline-functions -Wall -Wno-unused -funroll-all-loops  conftest.c >&5
configure:6905: $? = 0
configure:6921: result: yes
configure:6878: checking for memory.h
configure:6899: cc -c  -O3 -fomit-frame-pointer -finline-functions -Wall -Wno-unused -funroll-all-loops  conftest.c >&5
configure:6905: $? = 0
configure:6921: result: yes
configure:6878: checking for strings.h
configure:6899: cc -c  -O3 -fomit-frame-pointer -finline-functions -Wall -Wno-unused -funroll-all-loops  conftest.c >&5
configure:6905: $? = 0
configure:6921: result: yes
configure:6878: checking for inttypes.h
configure:6899: cc -c  -O3 -fomit-frame-pointer -finline-functions -Wall -Wno-unused -funroll-all-loops  conftest.c >&5
configure:6905: $? = 0
configure:6921: result: yes
configure:6878: checking for stdint.h
configure:6899: cc -c  -O3 -fomit-frame-pointer -finline-functions -Wall -Wno-unused -funroll-all-loops  conftest.c >&5
configure:6905: $? = 0
configure:6921: result: yes
configure:6878: checking for unistd.h
configure:6899: cc -c  -O3 -fomit-frame-pointer -finline-functions -Wall -Wno-unused -funroll-all-loops  conftest.c >&5
configure:6905: $? = 0
configure:6921: result: yes
configure:6933: checking whether byte ordering is bigendian
configure:6974: cc -c  -O3 -fomit-frame-pointer -finline-functions -Wall -Wno-unused -funroll-all-loops  conftest.c >&5
configure:6980: $? = 0
configure:7020: cc -c  -O3 -fomit-frame-pointer -finline-functions -Wall -Wno-unused -funroll-all-loops  conftest.c >&5
conftest.c: In function 'main':
conftest.c:43: error: 'not' undeclared (first use in this function)
conftest.c:43: error: (Each undeclared identifier is reported only once
conftest.c:43: error: for each function it appears in.)
conftest.c:43: error: expected ';' before 'big'
configure:7026: $? = 1
configure: failed program was:
| /* confdefs.h.  */
| #define PACKAGE_NAME "GROMACS"
| #define PACKAGE_TARNAME "gromacs"
| #define PACKAGE_VERSION "3.3.3"
| #define PACKAGE_STRING "GROMACS 3.3.3"
| #define PACKAGE_BUGREPORT "gmx-users@gromacs.org"
| #define PACKAGE "gromacs"
| #define VERSION "3.3.3"
| #define GMX_DOUBLE
| #define GMX_SOFTWARE_SQRT
| #define GMX_QMMM_GAUSSIAN
| #define BUILD_TIME "Fri Jun  5 16:44:14 CEST 2009"
| #define BUILD_USER "dseelig@rotbein"
| #define BUILD_MACHINE "Linux 2.6.22.19-0.1-default x86_64"
| #define F77_OR_C_FUNC(name,NAME) name
| #define F77_OR_C_FUNC_(name,NAME) name
| #define STDC_HEADERS 1
| #define HAVE_SYS_TYPES_H 1
| #define HAVE_SYS_STAT_H 1
| #define HAVE_STDLIB_H 1
| #define HAVE_STRING_H 1
| #define HAVE_MEMORY_H 1
| #define HAVE_STRINGS_H 1
| #define HAVE_INTTYPES_H 1
| #define HAVE_STDINT_H 1
| #define HAVE_UNISTD_H 1
| /* end confdefs.h.  */
| #include <sys/types.h>
| #include <sys/param.h>
| 
| #ifdef F77_DUMMY_MAIN
| 
| #  ifdef __cplusplus
|      extern "C"
| #  endif
|    int F77_DUMMY_MAIN() { return 1; }
| 
| #endif
| int
| main ()
| {
| #if BYTE_ORDER != BIG_ENDIAN
|  not big endian
| #endif
| 
|   ;
|   return 0;
| }
configure:7182: result: no
configure:7205: checking for int
configure:7243: cc -c  -O3 -fomit-frame-pointer -finline-functions -Wall -Wno-unused -funroll-all-loops  conftest.c >&5
configure:7249: $? = 0
configure:7264: result: yes
configure:7271: checking size of int
configure:7621: cc -o conftest  -O3 -fomit-frame-pointer -finline-functions -Wall -Wno-unused -funroll-all-loops    conftest.c  >&5
configure:7624: $? = 0
configure:7630: ./conftest
configure:7633: $? = 0
configure:7656: result: 4
configure:7666: checking for long int
configure:7704: cc -c  -O3 -fomit-frame-pointer -finline-functions -Wall -Wno-unused -funroll-all-loops  conftest.c >&5
configure:7710: $? = 0
configure:7725: result: yes
configure:7732: checking size of long int
configure:8082: cc -o conftest  -O3 -fomit-frame-pointer -finline-functions -Wall -Wno-unused -funroll-all-loops    conftest.c  >&5
configure:8085: $? = 0
configure:8091: ./conftest
configure:8094: $? = 0
configure:8117: result: 8
configure:8127: checking for long long int
configure:8165: cc -c  -O3 -fomit-frame-pointer -finline-functions -Wall -Wno-unused -funroll-all-loops  conftest.c >&5
configure:8171: $? = 0
configure:8186: result: yes
configure:8193: checking size of long long int
configure:8543: cc -o conftest  -O3 -fomit-frame-pointer -finline-functions -Wall -Wno-unused -funroll-all-loops    conftest.c  >&5
configure:8546: $? = 0
configure:8552: ./conftest
configure:8555: $? = 0
configure:8578: result: 8
configure:8593: checking that size_t can hold pointers
configure:8627: cc -c  -O3 -fomit-frame-pointer -finline-functions -Wall -Wno-unused -funroll-all-loops  conftest.c >&5
configure:8633: $? = 0
configure:8638: result: yes
configure:8656: checking floating-point format
configure:8677: cc -c  -O3 -fomit-frame-pointer -finline-functions -Wall -Wno-unused -funroll-all-loops  conftest.c >&5
configure:8680: $? = 0
configure:8710: result: IEEE754 (little-endian byte and word order)
configure:8788: checking for a BSD-compatible install
configure:8844: result: /usr/bin/install -c
configure:8855: checking whether ln -s works
configure:8859: result: yes
configure:8866: checking whether make sets $(MAKE)
configure:8887: result: yes
configure:8946: checking for a sed that does not truncate output
configure:9000: result: /usr/bin/sed
configure:9014: checking for ld used by cc
configure:9081: result: /usr/x86_64-suse-linux/bin/ld
configure:9090: checking if the linker (/usr/x86_64-suse-linux/bin/ld) is GNU ld
configure:9105: result: yes
configure:9110: checking for /usr/x86_64-suse-linux/bin/ld option to reload object files
configure:9117: result: -r
configure:9135: checking for BSD-compatible nm
configure:9184: result: /usr/bin/nm -B
configure:9188: checking how to recognise dependent libraries
configure:9364: result: pass_all
configure:9451: cc -c  -O3 -fomit-frame-pointer -finline-functions -Wall -Wno-unused -funroll-all-loops  conftest.c >&5
configure:9454: $? = 0
configure:9905: checking dlfcn.h usability
configure:9922: cc -c  -O3 -fomit-frame-pointer -finline-functions -Wall -Wno-unused -funroll-all-loops  conftest.c >&5
configure:9928: $? = 0
configure:9942: result: yes
configure:9946: checking dlfcn.h presence
configure:9961: cc -E  conftest.c
configure:9967: $? = 0
configure:9981: result: yes
configure:10014: checking for dlfcn.h
configure:10022: result: yes
configure:10093: checking for g++
configure:10109: found /usr/bin/g++
configure:10120: result: g++
configure:10151: checking for C++ compiler version
configure:10158: g++ --version >&5
g++ (GCC) 4.2.1 (SUSE Linux)
Copyright (C) 2007 Free Software Foundation, Inc.
This is free software; see the source for copying conditions.  There is NO
warranty; not even for MERCHANTABILITY or FITNESS FOR A PARTICULAR PURPOSE.

configure:10161: $? = 0
configure:10168: g++ -v >&5
Using built-in specs.
Target: x86_64-suse-linux
Configured with: ../configure --enable-threads=posix --prefix=/usr --with-local-prefix=/usr/local --infodir=/usr/share/info --mandir=/usr/share/man --libdir=/usr/lib64 --libexecdir=/usr/lib64 --enable-languages=c,c++,objc,fortran,obj-c++,java,ada --enable-checking=release --with-gxx-include-dir=/usr/include/c++/4.2.1 --enable-ssp --disable-libssp --disable-libgcj --with-slibdir=/lib64 --with-system-zlib --enable-shared --enable-__cxa_atexit --enable-libstdcxx-allocator=new --disable-libstdcxx-pch --program-suffix=-4.2 --enable-version-specific-runtime-libs --without-system-libunwind --with-cpu=generic --host=x86_64-suse-linux
Thread model: posix
gcc version 4.2.1 (SUSE Linux)
configure:10171: $? = 0
configure:10178: g++ -V >&5
g++: '-V' option must have argument
configure:10181: $? = 1
configure:10184: checking whether we are using the GNU C++ compiler
configure:10221: g++ -c   conftest.cpp >&5
configure:10227: $? = 0
configure:10244: result: yes
configure:10249: checking whether g++ accepts -g
configure:10287: g++ -c -g  conftest.cpp >&5
configure:10293: $? = 0
configure:10408: result: yes
configure:10433: checking dependency style of g++
configure:10524: result: gcc3
configure:10549: checking how to run the C++ preprocessor
configure:10585: g++ -E  conftest.cpp
configure:10591: $? = 0
configure:10622: g++ -E  conftest.cpp
conftest.cpp:33:28: error: ac_nonexistent.h: No such file or directory
configure:10628: $? = 1
configure: failed program was:
| /* confdefs.h.  */
| #define PACKAGE_NAME "GROMACS"
| #define PACKAGE_TARNAME "gromacs"
| #define PACKAGE_VERSION "3.3.3"
| #define PACKAGE_STRING "GROMACS 3.3.3"
| #define PACKAGE_BUGREPORT "gmx-users@gromacs.org"
| #define PACKAGE "gromacs"
| #define VERSION "3.3.3"
| #define GMX_DOUBLE
| #define GMX_SOFTWARE_SQRT
| #define GMX_QMMM_GAUSSIAN
| #define BUILD_TIME "Fri Jun  5 16:44:14 CEST 2009"
| #define BUILD_USER "dseelig@rotbein"
| #define BUILD_MACHINE "Linux 2.6.22.19-0.1-default x86_64"
| #define F77_OR_C_FUNC(name,NAME) name
| #define F77_OR_C_FUNC_(name,NAME) name
| #define STDC_HEADERS 1
| #define HAVE_SYS_TYPES_H 1
| #define HAVE_SYS_STAT_H 1
| #define HAVE_STDLIB_H 1
| #define HAVE_STRING_H 1
| #define HAVE_MEMORY_H 1
| #define HAVE_STRINGS_H 1
| #define HAVE_INTTYPES_H 1
| #define HAVE_STDINT_H 1
| #define HAVE_UNISTD_H 1
| #define SIZEOF_INT 4
| #define SIZEOF_LONG_INT 8
| #define SIZEOF_LONG_LONG_INT 8
| #define FLOAT_FORMAT_IEEE754
| #define HAVE_DLFCN_H 1
| /* end confdefs.h.  */
| #include <ac_nonexistent.h>
configure:10661: result: g++ -E
configure:10690: g++ -E  conftest.cpp
configure:10696: $? = 0
configure:10727: g++ -E  conftest.cpp
conftest.cpp:33:28: error: ac_nonexistent.h: No such file or directory
configure:10733: $? = 1
configure: failed program was:
| /* confdefs.h.  */
| #define PACKAGE_NAME "GROMACS"
| #define PACKAGE_TARNAME "gromacs"
| #define PACKAGE_VERSION "3.3.3"
| #define PACKAGE_STRING "GROMACS 3.3.3"
| #define PACKAGE_BUGREPORT "gmx-users@gromacs.org"
| #define PACKAGE "gromacs"
| #define VERSION "3.3.3"
| #define GMX_DOUBLE
| #define GMX_SOFTWARE_SQRT
| #define GMX_QMMM_GAUSSIAN
| #define BUILD_TIME "Fri Jun  5 16:44:14 CEST 2009"
| #define BUILD_USER "dseelig@rotbein"
| #define BUILD_MACHINE "Linux 2.6.22.19-0.1-default x86_64"
| #define F77_OR_C_FUNC(name,NAME) name
| #define F77_OR_C_FUNC_(name,NAME) name
| #define STDC_HEADERS 1
| #define HAVE_SYS_TYPES_H 1
| #define HAVE_SYS_STAT_H 1
| #define HAVE_STDLIB_H 1
| #define HAVE_STRING_H 1
| #define HAVE_MEMORY_H 1
| #define HAVE_STRINGS_H 1
| #define HAVE_INTTYPES_H 1
| #define HAVE_STDINT_H 1
| #define HAVE_UNISTD_H 1
| #define SIZEOF_INT 4
| #define SIZEOF_LONG_INT 8
| #define SIZEOF_LONG_LONG_INT 8
| #define FLOAT_FORMAT_IEEE754
| #define HAVE_DLFCN_H 1
| /* end confdefs.h.  */
| #include <ac_nonexistent.h>
configure:10777: checking the maximum length of command line arguments
configure:10886: result: 32768
configure:10897: checking command to parse /usr/bin/nm -B output from cc object
configure:11002: g++ -c -g -O2  conftest.cpp >&5
configure:11005: $? = 0
configure:11009: /usr/bin/nm -B conftest.o \| sed -n -e 's/^.*[ 	]\([ABCDGIRSTW][ABCDGIRSTW]*\)[ 	][ 	]*\([_A-Za-z][_A-Za-z0-9]*\)$/\1 \2 \2/p' \> conftest.nm
configure:11012: $? = 0
configure:11064: g++ -o conftest -g -O2    conftest.cpp conftstm.o >&5
configure:11067: $? = 0
configure:11105: result: ok
configure:11109: checking for objdir
configure:11124: result: .libs
configure:11216: checking for ar
configure:11232: found /usr/bin/ar
configure:11243: result: ar
configure:11312: checking for ranlib
configure:11328: found /usr/bin/ranlib
configure:11339: result: ranlib
configure:11408: checking for strip
configure:11424: found /usr/bin/strip
configure:11435: result: strip
configure:11721: checking if cc supports -fno-rtti -fno-exceptions
configure:11739: cc -c  -O3 -fomit-frame-pointer -finline-functions -Wall -Wno-unused -funroll-all-loops  -fno-rtti -fno-exceptions conftest.c >&5
cc1: warning: command line option "-fno-rtti" is valid for C++/ObjC++ but not for C
configure:11743: $? = 0
configure:11756: result: no
configure:11771: checking for cc option to produce PIC
configure:11981: result: -fPIC
configure:11989: checking if cc PIC flag -fPIC works
configure:12007: cc -c  -O3 -fomit-frame-pointer -finline-functions -Wall -Wno-unused -funroll-all-loops  -fPIC -DPIC conftest.c >&5
configure:12011: $? = 0
configure:12024: result: yes
configure:12052: checking if cc static flag -static works
configure:12080: result: yes
configure:12090: checking if cc supports -c -o file.o
configure:12111: cc -c  -O3 -fomit-frame-pointer -finline-functions -Wall -Wno-unused -funroll-all-loops  -o out/conftest2.o conftest.c >&5
configure:12115: $? = 0
configure:12137: result: yes
configure:12163: checking whether the cc linker (/usr/x86_64-suse-linux/bin/ld -m elf_x86_64) supports shared libraries
configure:13143: result: yes
configure:13210: checking dynamic linker characteristics
configure:13810: result: GNU/Linux ld.so
configure:13819: checking how to hardcode library paths into programs
configure:13844: result: immediate
configure:13858: checking whether stripping libraries is possible
configure:13863: result: yes
configure:14720: checking if libtool supports shared libraries
configure:14722: result: yes
configure:14725: checking whether to build shared libraries
configure:14746: result: no
configure:14749: checking whether to build static libraries
configure:14753: result: yes
configure:14845: creating libtool
configure:15433: checking for ld used by g++
configure:15500: result: /usr/x86_64-suse-linux/bin/ld -m elf_x86_64
configure:15509: checking if the linker (/usr/x86_64-suse-linux/bin/ld -m elf_x86_64) is GNU ld
configure:15524: result: yes
configure:15575: checking whether the g++ linker (/usr/x86_64-suse-linux/bin/ld -m elf_x86_64) supports shared libraries
configure:16525: result: yes
configure:16543: g++ -c -g -O2  conftest.cpp >&5
configure:16546: $? = 0
configure:16665: checking for g++ option to produce PIC
configure:16939: result: -fPIC
configure:16947: checking if g++ PIC flag -fPIC works
configure:16965: g++ -c -g -O2  -fPIC -DPIC conftest.cpp >&5
configure:16969: $? = 0
configure:16982: result: yes
configure:17010: checking if g++ static flag -static works
configure:17038: result: yes
configure:17048: checking if g++ supports -c -o file.o
configure:17069: g++ -c -g -O2  -o out/conftest2.o conftest.cpp >&5
configure:17073: $? = 0
configure:17095: result: yes
configure:17121: checking whether the g++ linker (/usr/x86_64-suse-linux/bin/ld -m elf_x86_64) supports shared libraries
configure:17152: result: yes
configure:17219: checking dynamic linker characteristics
configure:17819: result: GNU/Linux ld.so
configure:17828: checking how to hardcode library paths into programs
configure:17853: result: immediate
configure:24060: checking for special C compiler options needed for large files
configure:24161: result: no
configure:24167: checking for _FILE_OFFSET_BITS value needed for large files
configure:24210: cc -c  -O3 -fomit-frame-pointer -finline-functions -Wall -Wno-unused -funroll-all-loops  conftest.c >&5
configure:24216: $? = 0
configure:24292: result: no
configure:24460: checking for sqrt in -lm
configure:24503: cc -o conftest  -O3 -fomit-frame-pointer -finline-functions -Wall -Wno-unused -funroll-all-loops    conftest.c -lm   >&5
conftest.c:40: warning: conflicting types for built-in function 'sqrt'
configure:24509: $? = 0
configure:24527: result: yes
configure:25588: checking for fftw3.h
configure:25619: cc -c  -O3 -fomit-frame-pointer -finline-functions -Wall -Wno-unused -funroll-all-loops  conftest.c >&5
configure:25625: $? = 0
configure:25632: result: yes
configure:25714: checking for main in -lfftw3
configure:25751: cc -o conftest  -O3 -fomit-frame-pointer -finline-functions -Wall -Wno-unused -funroll-all-loops    conftest.c -lfftw3  -lm  >&5
configure:25757: $? = 0
configure:25775: result: yes
configure:26013: checking rpc/rpc.h usability
configure:26030: cc -c  -O3 -fomit-frame-pointer -finline-functions -Wall -Wno-unused -funroll-all-loops  conftest.c >&5
configure:26036: $? = 0
configure:26050: result: yes
configure:26054: checking rpc/rpc.h presence
configure:26069: cc -E  conftest.c
configure:26075: $? = 0
configure:26089: result: yes
configure:26122: checking for rpc/rpc.h
configure:26130: result: yes
configure:26147: checking for rpc/xdr.h
configure:26171: cc -c  -O3 -fomit-frame-pointer -finline-functions -Wall -Wno-unused -funroll-all-loops  conftest.c >&5
configure:26177: $? = 0
configure:26193: result: yes
configure:26205: checking for xdr_float in -lnsl
configure:26248: cc -o conftest  -O3 -fomit-frame-pointer -finline-functions -Wall -Wno-unused -funroll-all-loops    conftest.c -lnsl  -lfftw3 -lm  >&5
configure:26254: $? = 0
configure:26272: result: yes
configure:26323: cc -o conftest  -O3 -fomit-frame-pointer -finline-functions -Wall -Wno-unused -funroll-all-loops    conftest.c -lnsl -lfftw3 -lm  >&5
conftest.c: In function 'main':
conftest.c:61: warning: 'xd' is used uninitialized in this function
configure:26329: $? = 0
configure:26362: checking for working memcmp
configure:26423: cc -o conftest  -O3 -fomit-frame-pointer -finline-functions -Wall -Wno-unused -funroll-all-loops    conftest.c -lnsl -lfftw3 -lm  >&5
configure:26426: $? = 0
configure:26432: ./conftest
configure:26435: $? = 0
configure:26451: result: yes
configure:26460: checking return type of signal handlers
configure:26496: cc -c  -O3 -fomit-frame-pointer -finline-functions -Wall -Wno-unused -funroll-all-loops  conftest.c >&5
conftest.c: In function 'main':
conftest.c:52: error: void value not ignored as it ought to be
configure:26502: $? = 1
configure: failed program was:
| /* confdefs.h.  */
| #define PACKAGE_NAME "GROMACS"
| #define PACKAGE_TARNAME "gromacs"
| #define PACKAGE_VERSION "3.3.3"
| #define PACKAGE_STRING "GROMACS 3.3.3"
| #define PACKAGE_BUGREPORT "gmx-users@gromacs.org"
| #define PACKAGE "gromacs"
| #define VERSION "3.3.3"
| #define GMX_DOUBLE
| #define GMX_SOFTWARE_SQRT
| #define GMX_QMMM_GAUSSIAN
| #define BUILD_TIME "Fri Jun  5 16:44:14 CEST 2009"
| #define BUILD_USER "dseelig@rotbein"
| #define BUILD_MACHINE "Linux 2.6.22.19-0.1-default x86_64"
| #define F77_OR_C_FUNC(name,NAME) name
| #define F77_OR_C_FUNC_(name,NAME) name
| #define STDC_HEADERS 1
| #define HAVE_SYS_TYPES_H 1
| #define HAVE_SYS_STAT_H 1
| #define HAVE_STDLIB_H 1
| #define HAVE_STRING_H 1
| #define HAVE_MEMORY_H 1
| #define HAVE_STRINGS_H 1
| #define HAVE_INTTYPES_H 1
| #define HAVE_STDINT_H 1
| #define HAVE_UNISTD_H 1
| #define SIZEOF_INT 4
| #define SIZEOF_LONG_INT 8
| #define SIZEOF_LONG_LONG_INT 8
| #define FLOAT_FORMAT_IEEE754
| #define HAVE_DLFCN_H 1
| #define HAVE_LIBM 1
| #define HAVE_LIBFFTW3 1
| #define HAVE_RPC_RPC_H 1
| #define HAVE_RPC_XDR_H 1
| #define HAVE_LIBNSL 1
| /* end confdefs.h.  */
| #include <sys/types.h>
| #include <signal.h>
| 
| #ifdef F77_DUMMY_MAIN
| 
| #  ifdef __cplusplus
|      extern "C"
| #  endif
|    int F77_DUMMY_MAIN() { return 1; }
| 
| #endif
| int
| main ()
| {
| return *(signal (0, 0)) (0) == 1;
|   ;
|   return 0;
| }
configure:26517: result: void
configure:26529: checking for vprintf
configure:26593: cc -o conftest  -O3 -fomit-frame-pointer -finline-functions -Wall -Wno-unused -funroll-all-loops    conftest.c -lnsl -lfftw3 -lm  >&5
conftest.c:62: warning: conflicting types for built-in function 'vprintf'
configure:26599: $? = 0
configure:26617: result: yes
configure:26624: checking for _doprnt
configure:26688: cc -o conftest  -O3 -fomit-frame-pointer -finline-functions -Wall -Wno-unused -funroll-all-loops    conftest.c -lnsl -lfftw3 -lm  >&5
/tmp/ccs0RW61.o: In function `main':
conftest.c:(.text+0x7): undefined reference to `_doprnt'
collect2: ld returned 1 exit status
configure:26694: $? = 1
configure: failed program was:
| /* confdefs.h.  */
| #define PACKAGE_NAME "GROMACS"
| #define PACKAGE_TARNAME "gromacs"
| #define PACKAGE_VERSION "3.3.3"
| #define PACKAGE_STRING "GROMACS 3.3.3"
| #define PACKAGE_BUGREPORT "gmx-users@gromacs.org"
| #define PACKAGE "gromacs"
| #define VERSION "3.3.3"
| #define GMX_DOUBLE
| #define GMX_SOFTWARE_SQRT
| #define GMX_QMMM_GAUSSIAN
| #define BUILD_TIME "Fri Jun  5 16:44:14 CEST 2009"
| #define BUILD_USER "dseelig@rotbein"
| #define BUILD_MACHINE "Linux 2.6.22.19-0.1-default x86_64"
| #define F77_OR_C_FUNC(name,NAME) name
| #define F77_OR_C_FUNC_(name,NAME) name
| #define STDC_HEADERS 1
| #define HAVE_SYS_TYPES_H 1
| #define HAVE_SYS_STAT_H 1
| #define HAVE_STDLIB_H 1
| #define HAVE_STRING_H 1
| #define HAVE_MEMORY_H 1
| #define HAVE_STRINGS_H 1
| #define HAVE_INTTYPES_H 1
| #define HAVE_STDINT_H 1
| #define HAVE_UNISTD_H 1
| #define SIZEOF_INT 4
| #define SIZEOF_LONG_INT 8
| #define SIZEOF_LONG_LONG_INT 8
| #define FLOAT_FORMAT_IEEE754
| #define HAVE_DLFCN_H 1
| #define HAVE_LIBM 1
| #define HAVE_LIBFFTW3 1
| #define HAVE_RPC_RPC_H 1
| #define HAVE_RPC_XDR_H 1
| #define HAVE_LIBNSL 1
| #define RETSIGTYPE void
| #define HAVE_VPRINTF 1
| /* end confdefs.h.  */
| /* Define _doprnt to an innocuous variant, in case <limits.h> declares _doprnt.
|    For example, HP-UX 11i <limits.h> declares gettimeofday.  */
| #define _doprnt innocuous__doprnt
| 
| /* System header to define __stub macros and hopefully few prototypes,
|     which can conflict with char _doprnt (); below.
|     Prefer <limits.h> to <assert.h> if __STDC__ is defined, since
|     <limits.h> exists even on freestanding compilers.  */
| 
| #ifdef __STDC__
| # include <limits.h>
| #else
| # include <assert.h>
| #endif
| 
| #undef _doprnt
| 
| /* Override any GCC internal prototype to avoid an error.
|    Use char because int might match the return type of a GCC
|    builtin and then its argument prototype would still apply.  */
| #ifdef __cplusplus
| extern "C"
| #endif
| char _doprnt ();
| /* The GNU C library defines this for functions which it implements
|     to always fail with ENOSYS.  Some functions are actually named
|     something starting with __ and the normal name is an alias.  */
| #if defined __stub__doprnt || defined __stub____doprnt
| choke me
| #endif
| 
| #ifdef F77_DUMMY_MAIN
| 
| #  ifdef __cplusplus
|      extern "C"
| #  endif
|    int F77_DUMMY_MAIN() { return 1; }
| 
| #endif
| int
| main ()
| {
| return _doprnt ();
|   ;
|   return 0;
| }
configure:26711: result: no
configure:26725: checking if malloc debugging is wanted
configure:26745: result: no
configure:26754: checking for strcasecmp
configure:26818: cc -o conftest  -O3 -fomit-frame-pointer -finline-functions -Wall -Wno-unused -funroll-all-loops    conftest.c -lnsl -lfftw3 -lm  >&5
conftest.c:63: warning: conflicting types for built-in function 'strcasecmp'
configure:26824: $? = 0
configure:26842: result: yes
configure:26856: checking for strdup
configure:26920: cc -o conftest  -O3 -fomit-frame-pointer -finline-functions -Wall -Wno-unused -funroll-all-loops    conftest.c -lnsl -lfftw3 -lm  >&5
conftest.c:64: warning: conflicting types for built-in function 'strdup'
configure:26926: $? = 0
configure:26944: result: yes
configure:26955: checking for bool
configure:26993: cc -c  -O3 -fomit-frame-pointer -finline-functions -Wall -Wno-unused -funroll-all-loops  conftest.c >&5
conftest.c:75: error: expected '=', ',', ';', 'asm' or '__attribute__' before 'ac__type_new_'
conftest.c: In function 'main':
conftest.c:87: error: 'ac__type_new_' undeclared (first use in this function)
conftest.c:87: error: (Each undeclared identifier is reported only once
conftest.c:87: error: for each function it appears in.)
conftest.c:87: error: expected expression before ')' token
configure:26999: $? = 1
configure: failed program was:
| /* confdefs.h.  */
| #define PACKAGE_NAME "GROMACS"
| #define PACKAGE_TARNAME "gromacs"
| #define PACKAGE_VERSION "3.3.3"
| #define PACKAGE_STRING "GROMACS 3.3.3"
| #define PACKAGE_BUGREPORT "gmx-users@gromacs.org"
| #define PACKAGE "gromacs"
| #define VERSION "3.3.3"
| #define GMX_DOUBLE
| #define GMX_SOFTWARE_SQRT
| #define GMX_QMMM_GAUSSIAN
| #define BUILD_TIME "Fri Jun  5 16:44:14 CEST 2009"
| #define BUILD_USER "dseelig@rotbein"
| #define BUILD_MACHINE "Linux 2.6.22.19-0.1-default x86_64"
| #define F77_OR_C_FUNC(name,NAME) name
| #define F77_OR_C_FUNC_(name,NAME) name
| #define STDC_HEADERS 1
| #define HAVE_SYS_TYPES_H 1
| #define HAVE_SYS_STAT_H 1
| #define HAVE_STDLIB_H 1
| #define HAVE_STRING_H 1
| #define HAVE_MEMORY_H 1
| #define HAVE_STRINGS_H 1
| #define HAVE_INTTYPES_H 1
| #define HAVE_STDINT_H 1
| #define HAVE_UNISTD_H 1
| #define SIZEOF_INT 4
| #define SIZEOF_LONG_INT 8
| #define SIZEOF_LONG_LONG_INT 8
| #define FLOAT_FORMAT_IEEE754
| #define HAVE_DLFCN_H 1
| #define HAVE_LIBM 1
| #define HAVE_LIBFFTW3 1
| #define HAVE_RPC_RPC_H 1
| #define HAVE_RPC_XDR_H 1
| #define HAVE_LIBNSL 1
| #define RETSIGTYPE void
| #define HAVE_VPRINTF 1
| #define HAVE_STRCASECMP 1
| #define HAVE_STRDUP 1
| /* end confdefs.h.  */
| #include <stdio.h>
| #ifdef HAVE_SYS_TYPES_H
| # include <sys/types.h>
| #endif
| #ifdef HAVE_SYS_STAT_H
| # include <sys/stat.h>
| #endif
| #ifdef STDC_HEADERS
| # include <stdlib.h>
| # include <stddef.h>
| #else
| # ifdef HAVE_STDLIB_H
| #  include <stdlib.h>
| # endif
| #endif
| #ifdef HAVE_STRING_H
| # if !defined STDC_HEADERS && defined HAVE_MEMORY_H
| #  include <memory.h>
| # endif
| # include <string.h>
| #endif
| #ifdef HAVE_STRINGS_H
| # include <strings.h>
| #endif
| #ifdef HAVE_INTTYPES_H
| # include <inttypes.h>
| #endif
| #ifdef HAVE_STDINT_H
| # include <stdint.h>
| #endif
| #ifdef HAVE_UNISTD_H
| # include <unistd.h>
| #endif
| typedef bool ac__type_new_;
| #ifdef F77_DUMMY_MAIN
| 
| #  ifdef __cplusplus
|      extern "C"
| #  endif
|    int F77_DUMMY_MAIN() { return 1; }
| 
| #endif
| int
| main ()
| {
| if ((ac__type_new_ *) 0)
|   return 0;
| if (sizeof (ac__type_new_))
|   return 0;
|   ;
|   return 0;
| }
configure:27014: result: no
configure:27028: checking for X
configure:27271: result: libraries /usr/lib64, headers 
configure:27293: checking whether -R must be followed by a space
configure:27327: cc -o conftest  -O3 -fomit-frame-pointer -finline-functions -Wall -Wno-unused -funroll-all-loops    conftest.c -lnsl -lfftw3 -lm  -R/usr/lib64 >&5
cc: unrecognized option '-R/usr/lib64'
configure:27333: $? = 0
configure: failed program was:
| /* confdefs.h.  */
| #define PACKAGE_NAME "GROMACS"
| #define PACKAGE_TARNAME "gromacs"
| #define PACKAGE_VERSION "3.3.3"
| #define PACKAGE_STRING "GROMACS 3.3.3"
| #define PACKAGE_BUGREPORT "gmx-users@gromacs.org"
| #define PACKAGE "gromacs"
| #define VERSION "3.3.3"
| #define GMX_DOUBLE
| #define GMX_SOFTWARE_SQRT
| #define GMX_QMMM_GAUSSIAN
| #define BUILD_TIME "Fri Jun  5 16:44:14 CEST 2009"
| #define BUILD_USER "dseelig@rotbein"
| #define BUILD_MACHINE "Linux 2.6.22.19-0.1-default x86_64"
| #define F77_OR_C_FUNC(name,NAME) name
| #define F77_OR_C_FUNC_(name,NAME) name
| #define STDC_HEADERS 1
| #define HAVE_SYS_TYPES_H 1
| #define HAVE_SYS_STAT_H 1
| #define HAVE_STDLIB_H 1
| #define HAVE_STRING_H 1
| #define HAVE_MEMORY_H 1
| #define HAVE_STRINGS_H 1
| #define HAVE_INTTYPES_H 1
| #define HAVE_STDINT_H 1
| #define HAVE_UNISTD_H 1
| #define SIZEOF_INT 4
| #define SIZEOF_LONG_INT 8
| #define SIZEOF_LONG_LONG_INT 8
| #define FLOAT_FORMAT_IEEE754
| #define HAVE_DLFCN_H 1
| #define HAVE_LIBM 1
| #define HAVE_LIBFFTW3 1
| #define HAVE_RPC_RPC_H 1
| #define HAVE_RPC_XDR_H 1
| #define HAVE_LIBNSL 1
| #define RETSIGTYPE void
| #define HAVE_VPRINTF 1
| #define HAVE_STRCASECMP 1
| #define HAVE_STRDUP 1
| /* end confdefs.h.  */
| 
| #ifdef F77_DUMMY_MAIN
| 
| #  ifdef __cplusplus
|      extern "C"
| #  endif
|    int F77_DUMMY_MAIN() { return 1; }
| 
| #endif
| int
| main ()
| {
| 
|   ;
|   return 0;
| }
configure:27376: cc -o conftest  -O3 -fomit-frame-pointer -finline-functions -Wall -Wno-unused -funroll-all-loops    conftest.c -lnsl -lfftw3 -lm  -R /usr/lib64 >&5
cc: unrecognized option '-R'
/usr/lib64: file not recognized: Is a directory
collect2: ld returned 1 exit status
configure:27382: $? = 1
configure: failed program was:
| /* confdefs.h.  */
| #define PACKAGE_NAME "GROMACS"
| #define PACKAGE_TARNAME "gromacs"
| #define PACKAGE_VERSION "3.3.3"
| #define PACKAGE_STRING "GROMACS 3.3.3"
| #define PACKAGE_BUGREPORT "gmx-users@gromacs.org"
| #define PACKAGE "gromacs"
| #define VERSION "3.3.3"
| #define GMX_DOUBLE
| #define GMX_SOFTWARE_SQRT
| #define GMX_QMMM_GAUSSIAN
| #define BUILD_TIME "Fri Jun  5 16:44:14 CEST 2009"
| #define BUILD_USER "dseelig@rotbein"
| #define BUILD_MACHINE "Linux 2.6.22.19-0.1-default x86_64"
| #define F77_OR_C_FUNC(name,NAME) name
| #define F77_OR_C_FUNC_(name,NAME) name
| #define STDC_HEADERS 1
| #define HAVE_SYS_TYPES_H 1
| #define HAVE_SYS_STAT_H 1
| #define HAVE_STDLIB_H 1
| #define HAVE_STRING_H 1
| #define HAVE_MEMORY_H 1
| #define HAVE_STRINGS_H 1
| #define HAVE_INTTYPES_H 1
| #define HAVE_STDINT_H 1
| #define HAVE_UNISTD_H 1
| #define SIZEOF_INT 4
| #define SIZEOF_LONG_INT 8
| #define SIZEOF_LONG_LONG_INT 8
| #define FLOAT_FORMAT_IEEE754
| #define HAVE_DLFCN_H 1
| #define HAVE_LIBM 1
| #define HAVE_LIBFFTW3 1
| #define HAVE_RPC_RPC_H 1
| #define HAVE_RPC_XDR_H 1
| #define HAVE_LIBNSL 1
| #define RETSIGTYPE void
| #define HAVE_VPRINTF 1
| #define HAVE_STRCASECMP 1
| #define HAVE_STRDUP 1
| /* end confdefs.h.  */
| 
| #ifdef F77_DUMMY_MAIN
| 
| #  ifdef __cplusplus
|      extern "C"
| #  endif
|    int F77_DUMMY_MAIN() { return 1; }
| 
| #endif
| int
| main ()
| {
| 
|   ;
|   return 0;
| }
configure:27395: result: neither works
configure:27456: cc -o conftest  -O3 -fomit-frame-pointer -finline-functions -Wall -Wno-unused -funroll-all-loops    conftest.c -lnsl -lfftw3 -lm   -L/usr/lib64 -lX11 >&5
configure:27462: $? = 0
configure:27635: checking for gethostbyname
configure:27699: cc -o conftest  -O3 -fomit-frame-pointer -finline-functions -Wall -Wno-unused -funroll-all-loops    conftest.c -lnsl -lfftw3 -lm  >&5
configure:27705: $? = 0
configure:27722: result: yes
configure:27883: checking for connect
configure:27947: cc -o conftest  -O3 -fomit-frame-pointer -finline-functions -Wall -Wno-unused -funroll-all-loops    conftest.c -lnsl -lfftw3 -lm  >&5
configure:27953: $? = 0
configure:27970: result: yes
configure:28050: checking for remove
configure:28114: cc -o conftest  -O3 -fomit-frame-pointer -finline-functions -Wall -Wno-unused -funroll-all-loops    conftest.c -lnsl -lfftw3 -lm  >&5
configure:28120: $? = 0
configure:28137: result: yes
configure:28217: checking for shmat
configure:28281: cc -o conftest  -O3 -fomit-frame-pointer -finline-functions -Wall -Wno-unused -funroll-all-loops    conftest.c -lnsl -lfftw3 -lm  >&5
configure:28287: $? = 0
configure:28304: result: yes
configure:28393: checking for IceConnectionNumber in -lICE
configure:28436: cc -o conftest  -O3 -fomit-frame-pointer -finline-functions -Wall -Wno-unused -funroll-all-loops    -L/usr/lib64 conftest.c -lICE  -lnsl -lfftw3 -lm  >&5
configure:28442: $? = 0
configure:28460: result: yes
configure:28499: checking for Motif
configure:28551: cc -c  -O3 -fomit-frame-pointer -finline-functions -Wall -Wno-unused -funroll-all-loops   conftest.c >&5
conftest.c:42:19: error: Xm/Xm.h: No such file or directory
configure:28557: $? = 1
configure: failed program was:
| /* confdefs.h.  */
| #define PACKAGE_NAME "GROMACS"
| #define PACKAGE_TARNAME "gromacs"
| #define PACKAGE_VERSION "3.3.3"
| #define PACKAGE_STRING "GROMACS 3.3.3"
| #define PACKAGE_BUGREPORT "gmx-users@gromacs.org"
| #define PACKAGE "gromacs"
| #define VERSION "3.3.3"
| #define GMX_DOUBLE
| #define GMX_SOFTWARE_SQRT
| #define GMX_QMMM_GAUSSIAN
| #define BUILD_TIME "Fri Jun  5 16:44:14 CEST 2009"
| #define BUILD_USER "dseelig@rotbein"
| #define BUILD_MACHINE "Linux 2.6.22.19-0.1-default x86_64"
| #define F77_OR_C_FUNC(name,NAME) name
| #define F77_OR_C_FUNC_(name,NAME) name
| #define STDC_HEADERS 1
| #define HAVE_SYS_TYPES_H 1
| #define HAVE_SYS_STAT_H 1
| #define HAVE_STDLIB_H 1
| #define HAVE_STRING_H 1
| #define HAVE_MEMORY_H 1
| #define HAVE_STRINGS_H 1
| #define HAVE_INTTYPES_H 1
| #define HAVE_STDINT_H 1
| #define HAVE_UNISTD_H 1
| #define SIZEOF_INT 4
| #define SIZEOF_LONG_INT 8
| #define SIZEOF_LONG_LONG_INT 8
| #define FLOAT_FORMAT_IEEE754
| #define HAVE_DLFCN_H 1
| #define HAVE_LIBM 1
| #define HAVE_LIBFFTW3 1
| #define HAVE_RPC_RPC_H 1
| #define HAVE_RPC_XDR_H 1
| #define HAVE_LIBNSL 1
| #define RETSIGTYPE void
| #define HAVE_VPRINTF 1
| #define HAVE_STRCASECMP 1
| #define HAVE_STRDUP 1
| /* end confdefs.h.  */
| #include <Xm/Xm.h>
| #ifdef F77_DUMMY_MAIN
| 
| #  ifdef __cplusplus
|      extern "C"
| #  endif
|    int F77_DUMMY_MAIN() { return 1; }
| 
| #endif
| int
| main ()
| {
| int a;
|   ;
|   return 0;
| }
configure:28654: cc -o conftest  -O3 -fomit-frame-pointer -finline-functions -Wall -Wno-unused -funroll-all-loops    -L/usr/lib64   conftest.c  -lSM -lICE -lXm -lXt -lX11  -lnsl -lfftw3 -lm  >&5
conftest.c:42:19: error: Xm/Xm.h: No such file or directory
conftest.c: In function 'main':
conftest.c:54: warning: implicit declaration of function 'XtToolkitInitialize'
configure:28660: $? = 1
configure: failed program was:
| /* confdefs.h.  */
| #define PACKAGE_NAME "GROMACS"
| #define PACKAGE_TARNAME "gromacs"
| #define PACKAGE_VERSION "3.3.3"
| #define PACKAGE_STRING "GROMACS 3.3.3"
| #define PACKAGE_BUGREPORT "gmx-users@gromacs.org"
| #define PACKAGE "gromacs"
| #define VERSION "3.3.3"
| #define GMX_DOUBLE
| #define GMX_SOFTWARE_SQRT
| #define GMX_QMMM_GAUSSIAN
| #define BUILD_TIME "Fri Jun  5 16:44:14 CEST 2009"
| #define BUILD_USER "dseelig@rotbein"
| #define BUILD_MACHINE "Linux 2.6.22.19-0.1-default x86_64"
| #define F77_OR_C_FUNC(name,NAME) name
| #define F77_OR_C_FUNC_(name,NAME) name
| #define STDC_HEADERS 1
| #define HAVE_SYS_TYPES_H 1
| #define HAVE_SYS_STAT_H 1
| #define HAVE_STDLIB_H 1
| #define HAVE_STRING_H 1
| #define HAVE_MEMORY_H 1
| #define HAVE_STRINGS_H 1
| #define HAVE_INTTYPES_H 1
| #define HAVE_STDINT_H 1
| #define HAVE_UNISTD_H 1
| #define SIZEOF_INT 4
| #define SIZEOF_LONG_INT 8
| #define SIZEOF_LONG_LONG_INT 8
| #define FLOAT_FORMAT_IEEE754
| #define HAVE_DLFCN_H 1
| #define HAVE_LIBM 1
| #define HAVE_LIBFFTW3 1
| #define HAVE_RPC_RPC_H 1
| #define HAVE_RPC_XDR_H 1
| #define HAVE_LIBNSL 1
| #define RETSIGTYPE void
| #define HAVE_VPRINTF 1
| #define HAVE_STRCASECMP 1
| #define HAVE_STRDUP 1
| /* end confdefs.h.  */
| #include <Xm/Xm.h>
| #ifdef F77_DUMMY_MAIN
| 
| #  ifdef __cplusplus
|      extern "C"
| #  endif
|    int F77_DUMMY_MAIN() { return 1; }
| 
| #endif
| int
| main ()
| {
| XtToolkitInitialize();
|   ;
|   return 0;
| }
configure:28754: result: libraries /usr/lib64, headers (none)
configure:28767: checking for libXext and libXp
configure:28798: cc -o conftest  -O3 -fomit-frame-pointer -finline-functions -Wall -Wno-unused -funroll-all-loops    -L/usr/lib64   conftest.c  -lSM -lICE -lX11  -lnsl -lfftw3 -lm  -lXext -lXp >&5
conftest.c:42:19: error: Xm/Xm.h: No such file or directory
conftest.c: In function 'main':
conftest.c:54: warning: implicit declaration of function 'XtToolkitInitialize'
configure:28804: $? = 1
configure: failed program was:
| /* confdefs.h.  */
| #define PACKAGE_NAME "GROMACS"
| #define PACKAGE_TARNAME "gromacs"
| #define PACKAGE_VERSION "3.3.3"
| #define PACKAGE_STRING "GROMACS 3.3.3"
| #define PACKAGE_BUGREPORT "gmx-users@gromacs.org"
| #define PACKAGE "gromacs"
| #define VERSION "3.3.3"
| #define GMX_DOUBLE
| #define GMX_SOFTWARE_SQRT
| #define GMX_QMMM_GAUSSIAN
| #define BUILD_TIME "Fri Jun  5 16:44:14 CEST 2009"
| #define BUILD_USER "dseelig@rotbein"
| #define BUILD_MACHINE "Linux 2.6.22.19-0.1-default x86_64"
| #define F77_OR_C_FUNC(name,NAME) name
| #define F77_OR_C_FUNC_(name,NAME) name
| #define STDC_HEADERS 1
| #define HAVE_SYS_TYPES_H 1
| #define HAVE_SYS_STAT_H 1
| #define HAVE_STDLIB_H 1
| #define HAVE_STRING_H 1
| #define HAVE_MEMORY_H 1
| #define HAVE_STRINGS_H 1
| #define HAVE_INTTYPES_H 1
| #define HAVE_STDINT_H 1
| #define HAVE_UNISTD_H 1
| #define SIZEOF_INT 4
| #define SIZEOF_LONG_INT 8
| #define SIZEOF_LONG_LONG_INT 8
| #define FLOAT_FORMAT_IEEE754
| #define HAVE_DLFCN_H 1
| #define HAVE_LIBM 1
| #define HAVE_LIBFFTW3 1
| #define HAVE_RPC_RPC_H 1
| #define HAVE_RPC_XDR_H 1
| #define HAVE_LIBNSL 1
| #define RETSIGTYPE void
| #define HAVE_VPRINTF 1
| #define HAVE_STRCASECMP 1
| #define HAVE_STRDUP 1
| /* end confdefs.h.  */
| #include <Xm/Xm.h>
| #ifdef F77_DUMMY_MAIN
| 
| #  ifdef __cplusplus
|      extern "C"
| #  endif
|    int F77_DUMMY_MAIN() { return 1; }
| 
| #endif
| int
| main ()
| {
| XtToolkitInitialize();
|   ;
|   return 0;
| }
configure:28818: result: no
configure:28822: checking for only libXext
configure:28853: cc -o conftest  -O3 -fomit-frame-pointer -finline-functions -Wall -Wno-unused -funroll-all-loops    -L/usr/lib64   conftest.c  -lSM -lICE -lX11  -lnsl -lfftw3 -lm  -lXext >&5
conftest.c:42:19: error: Xm/Xm.h: No such file or directory
conftest.c: In function 'main':
conftest.c:54: warning: implicit declaration of function 'XtToolkitInitialize'
configure:28859: $? = 1
configure: failed program was:
| /* confdefs.h.  */
| #define PACKAGE_NAME "GROMACS"
| #define PACKAGE_TARNAME "gromacs"
| #define PACKAGE_VERSION "3.3.3"
| #define PACKAGE_STRING "GROMACS 3.3.3"
| #define PACKAGE_BUGREPORT "gmx-users@gromacs.org"
| #define PACKAGE "gromacs"
| #define VERSION "3.3.3"
| #define GMX_DOUBLE
| #define GMX_SOFTWARE_SQRT
| #define GMX_QMMM_GAUSSIAN
| #define BUILD_TIME "Fri Jun  5 16:44:14 CEST 2009"
| #define BUILD_USER "dseelig@rotbein"
| #define BUILD_MACHINE "Linux 2.6.22.19-0.1-default x86_64"
| #define F77_OR_C_FUNC(name,NAME) name
| #define F77_OR_C_FUNC_(name,NAME) name
| #define STDC_HEADERS 1
| #define HAVE_SYS_TYPES_H 1
| #define HAVE_SYS_STAT_H 1
| #define HAVE_STDLIB_H 1
| #define HAVE_STRING_H 1
| #define HAVE_MEMORY_H 1
| #define HAVE_STRINGS_H 1
| #define HAVE_INTTYPES_H 1
| #define HAVE_STDINT_H 1
| #define HAVE_UNISTD_H 1
| #define SIZEOF_INT 4
| #define SIZEOF_LONG_INT 8
| #define SIZEOF_LONG_LONG_INT 8
| #define FLOAT_FORMAT_IEEE754
| #define HAVE_DLFCN_H 1
| #define HAVE_LIBM 1
| #define HAVE_LIBFFTW3 1
| #define HAVE_RPC_RPC_H 1
| #define HAVE_RPC_XDR_H 1
| #define HAVE_LIBNSL 1
| #define RETSIGTYPE void
| #define HAVE_VPRINTF 1
| #define HAVE_STRCASECMP 1
| #define HAVE_STRDUP 1
| /* end confdefs.h.  */
| #include <Xm/Xm.h>
| #ifdef F77_DUMMY_MAIN
| 
| #  ifdef __cplusplus
|      extern "C"
| #  endif
|    int F77_DUMMY_MAIN() { return 1; }
| 
| #endif
| int
| main ()
| {
| XtToolkitInitialize();
|   ;
|   return 0;
| }
configure:28872: result: no
configure:28894: Both libraries and includes are needed for Motif - disabling.
configure:29505: checking limits.h usability
configure:29522: cc -c  -O3 -fomit-frame-pointer -finline-functions -Wall -Wno-unused -funroll-all-loops  conftest.c >&5
configure:29528: $? = 0
configure:29542: result: yes
configure:29546: checking limits.h presence
configure:29561: cc -E  conftest.c
configure:29567: $? = 0
configure:29581: result: yes
configure:29614: checking for limits.h
configure:29622: result: yes
configure:29495: checking for strings.h
configure:29501: result: yes
configure:29495: checking for unistd.h
configure:29501: result: yes
configure:29644: checking for unistd.h
configure:29650: result: yes
configure:29787: checking for an ANSI C-conforming const
configure:29870: cc -c  -O3 -fomit-frame-pointer -finline-functions -Wall -Wno-unused -funroll-all-loops  conftest.c >&5
conftest.c: In function 'main':
conftest.c:83: warning: 't' is used uninitialized in this function
conftest.c:99: warning: 'b' is used uninitialized in this function
conftest.c:105: warning: 'cs[0]' is used uninitialized in this function
configure:29876: $? = 0
configure:29891: result: yes
configure:29901: checking for size_t
configure:29939: cc -c  -O3 -fomit-frame-pointer -finline-functions -Wall -Wno-unused -funroll-all-loops  conftest.c >&5
configure:29945: $? = 0
configure:29960: result: yes
configure:29972: checking whether struct tm is in sys/time.h or time.h
configure:30010: cc -c  -O3 -fomit-frame-pointer -finline-functions -Wall -Wno-unused -funroll-all-loops  conftest.c >&5
configure:30016: $? = 0
configure:30031: result: time.h
configure:30041: checking for uid_t in sys/types.h
configure:30064: result: yes
configure:30079: checking for inline
configure:30105: cc -c  -O3 -fomit-frame-pointer -finline-functions -Wall -Wno-unused -funroll-all-loops  conftest.c >&5
configure:30111: $? = 0
configure:30129: result: inline
configure:30154: checking whether your compiler can handle assembly files (*.s)
configure:30173: cc -c conftestasm.s
configure:30176: $? = 0
configure:30179: result: yes
configure:30234: checking whether as fully supports X86_64 SSE2
configure:30244: cc -c conftest.s
configure:30247: $? = 0
configure:30249: result: yes
configure:30704: checking whether byte ordering is bigendian
configure:30953: result: no
configure:31496: creating ./config.status

## ---------------------- ##
## Running config.status. ##
## ---------------------- ##

This file was extended by GROMACS config.status 3.3.3, which was
generated by GNU Autoconf 2.61.  Invocation command line was

  CONFIG_FILES    = 
  CONFIG_HEADERS  = 
  CONFIG_LINKS    = 
  CONFIG_COMMANDS = 
  $ ./config.status 

on rotbein

config.status:758: creating Makefile
config.status:758: creating src/Makefile
config.status:758: creating src/gmxlib/Makefile
config.status:758: creating src/gmxlib/gmx_blas/Makefile
config.status:758: creating src/gmxlib/gmx_lapack/Makefile
config.status:758: creating src/gmxlib/nonbonded/Makefile
config.status:758: creating src/gmxlib/nonbonded/nb_kernel/Makefile
config.status:758: creating src/gmxlib/nonbonded/nb_kernel_ia32_3dnow/Makefile
config.status:758: creating src/gmxlib/nonbonded/nb_kernel_ia32_sse/Makefile
config.status:758: creating src/gmxlib/nonbonded/nb_kernel_ia32_sse2/Makefile
config.status:758: creating src/gmxlib/nonbonded/nb_kernel_x86_64_sse/Makefile
config.status:758: creating src/gmxlib/nonbonded/nb_kernel_x86_64_sse2/Makefile
config.status:758: creating src/gmxlib/nonbonded/nb_kernel_ppc_altivec/Makefile
config.status:758: creating src/gmxlib/nonbonded/nb_kernel_ia64_single/Makefile
config.status:758: creating src/gmxlib/nonbonded/nb_kernel_ia64_double/Makefile
config.status:758: creating include/Makefile
config.status:758: creating include/types/Makefile
config.status:758: creating src/mdlib/Makefile
config.status:758: creating src/kernel/Makefile
config.status:758: creating src/tools/Makefile
config.status:758: creating src/ngmx/Makefile
config.status:758: creating src/tconcoord/Makefile
config.status:758: creating src/contrib/Makefile
config.status:758: creating scripts/Makefile
config.status:758: creating admin/Makefile
config.status:758: creating share/Makefile
config.status:758: creating share/tutor/Makefile
config.status:758: creating share/tutor/gmxdemo/Makefile
config.status:758: creating share/tutor/nmr1/Makefile
config.status:758: creating share/tutor/nmr2/Makefile
config.status:758: creating share/tutor/water/Makefile
config.status:758: creating share/tutor/mixed/Makefile
config.status:758: creating share/tutor/methanol/Makefile
config.status:758: creating share/tutor/speptide/Makefile
config.status:758: creating share/template/Makefile
config.status:758: creating share/top/Makefile
config.status:758: creating share/html/Makefile
config.status:758: creating share/html/images/Makefile
config.status:758: creating share/html/online/Makefile
config.status:758: creating man/Makefile
config.status:758: creating man/man1/Makefile
config.status:758: creating src/config.h
config.status:1056: executing depfiles commands

## ---------------- ##
## Cache variables. ##
## ---------------- ##

ac_cv_build=x86_64-unknown-linux-gnu
ac_cv_c_bigendian=no
ac_cv_c_compiler_gnu=yes
ac_cv_c_const=yes
ac_cv_c_inline=inline
ac_cv_cxx_compiler_gnu=yes
ac_cv_env_CCASFLAGS_set=
ac_cv_env_CCASFLAGS_value=
ac_cv_env_CCAS_set=
ac_cv_env_CCAS_value=
ac_cv_env_CCC_set=
ac_cv_env_CCC_value=
ac_cv_env_CC_set=
ac_cv_env_CC_value=
ac_cv_env_CFLAGS_set=
ac_cv_env_CFLAGS_value=
ac_cv_env_CPPFLAGS_set=
ac_cv_env_CPPFLAGS_value=
ac_cv_env_CPP_set=
ac_cv_env_CPP_value=
ac_cv_env_CXXCPP_set=
ac_cv_env_CXXCPP_value=
ac_cv_env_CXXFLAGS_set=
ac_cv_env_CXXFLAGS_value=
ac_cv_env_CXX_set=
ac_cv_env_CXX_value=
ac_cv_env_F77_set=
ac_cv_env_F77_value=
ac_cv_env_FFLAGS_set=
ac_cv_env_FFLAGS_value=
ac_cv_env_LDFLAGS_set=
ac_cv_env_LDFLAGS_value=
ac_cv_env_LIBS_set=
ac_cv_env_LIBS_value=
ac_cv_env_XMKMF_set=
ac_cv_env_XMKMF_value=
ac_cv_env_build_alias_set=
ac_cv_env_build_alias_value=
ac_cv_env_host_alias_set=
ac_cv_env_host_alias_value=
ac_cv_env_target_alias_set=
ac_cv_env_target_alias_value=
ac_cv_func__doprnt=no
ac_cv_func_connect=yes
ac_cv_func_gethostbyname=yes
ac_cv_func_memcmp_working=yes
ac_cv_func_remove=yes
ac_cv_func_shmat=yes
ac_cv_func_strcasecmp=yes
ac_cv_func_strdup=yes
ac_cv_func_vprintf=yes
ac_cv_have_x='have_x=yes	ac_x_includes='\'''\''	ac_x_libraries='\''/usr/lib64'\'''
ac_cv_header_dlfcn_h=yes
ac_cv_header_inttypes_h=yes
ac_cv_header_limits_h=yes
ac_cv_header_memory_h=yes
ac_cv_header_rpc_rpc_h=yes
ac_cv_header_rpc_xdr_h=yes
ac_cv_header_stdc=yes
ac_cv_header_stdint_h=yes
ac_cv_header_stdlib_h=yes
ac_cv_header_string_h=yes
ac_cv_header_strings_h=yes
ac_cv_header_sys_stat_h=yes
ac_cv_header_sys_types_h=yes
ac_cv_header_unistd_h=yes
ac_cv_host=x86_64-unknown-linux-gnu
ac_cv_lib_ICE_IceConnectionNumber=yes
ac_cv_lib_fftw3_main=yes
ac_cv_lib_m_sqrt=yes
ac_cv_lib_nsl_xdr_float=yes
ac_cv_motif_includes=no
ac_cv_motif_libraries=/usr/lib64
ac_cv_objext=o
ac_cv_path_EGREP='/usr/bin/grep -E'
ac_cv_path_GREP=/usr/bin/grep
ac_cv_path_install='/usr/bin/install -c'
ac_cv_path_mkdir=/bin/mkdir
ac_cv_prog_AWK=gawk
ac_cv_prog_CPP='cc -E'
ac_cv_prog_CXXCPP='g++ -E'
ac_cv_prog_ac_ct_AR=ar
ac_cv_prog_ac_ct_CC=cc
ac_cv_prog_ac_ct_CXX=g++
ac_cv_prog_ac_ct_RANLIB=ranlib
ac_cv_prog_ac_ct_STRIP=strip
ac_cv_prog_cc_c89=
ac_cv_prog_cc_g=yes
ac_cv_prog_cxx_g=yes
ac_cv_prog_make_make_set=yes
ac_cv_sizeof_int=4
ac_cv_sizeof_long_int=8
ac_cv_sizeof_long_long_int=8
ac_cv_struct_tm=time.h
ac_cv_sys_file_offset_bits=no
ac_cv_sys_largefile_CC=no
ac_cv_type_bool=no
ac_cv_type_int=yes
ac_cv_type_long_int=yes
ac_cv_type_long_long_int=yes
ac_cv_type_signal=void
ac_cv_type_size_t=yes
ac_cv_type_uid_t=yes
am_cv_CCAS_dependencies_compiler_type=gcc3
am_cv_CC_dependencies_compiler_type=gcc3
am_cv_CXX_dependencies_compiler_type=gcc3
am_cv_prog_tar_ustar=gnutar
lt_cv_deplibs_check_method=pass_all
lt_cv_file_magic_cmd='$MAGIC_CMD'
lt_cv_file_magic_test_file=
lt_cv_ld_reload_flag=-r
lt_cv_objdir=.libs
lt_cv_path_LD=/usr/x86_64-suse-linux/bin/ld
lt_cv_path_LDCXX='/usr/x86_64-suse-linux/bin/ld -m elf_x86_64'
lt_cv_path_NM='/usr/bin/nm -B'
lt_cv_path_SED=/usr/bin/sed
lt_cv_prog_compiler_c_o=yes
lt_cv_prog_compiler_c_o_CXX=yes
lt_cv_prog_compiler_rtti_exceptions=no
lt_cv_prog_gnu_ld=yes
lt_cv_prog_gnu_ldcxx=yes
lt_cv_sys_global_symbol_pipe='sed -n -e '\''s/^.*[ 	]\([ABCDGIRSTW][ABCDGIRSTW]*\)[ 	][ 	]*\([_A-Za-z][_A-Za-z0-9]*\)$/\1 \2 \2/p'\'''
lt_cv_sys_global_symbol_to_c_name_address='sed -n -e '\''s/^: \([^ ]*\) $/  {\"\1\", (lt_ptr) 0},/p'\'' -e '\''s/^[BCDEGRST] \([^ ]*\) \([^ ]*\)$/  {"\2", (lt_ptr) \&\2},/p'\'''
lt_cv_sys_global_symbol_to_cdecl='sed -n -e '\''s/^. .* \(.*\)$/extern int \1;/p'\'''
lt_cv_sys_max_cmd_len=32768
lt_lt_cv_prog_compiler_c_o='"yes"'
lt_lt_cv_prog_compiler_c_o_CXX='"yes"'
lt_lt_cv_sys_global_symbol_pipe='"sed -n -e '\''s/^.*[ 	]\\([ABCDGIRSTW][ABCDGIRSTW]*\\)[ 	][ 	]*\\([_A-Za-z][_A-Za-z0-9]*\\)\$/\\1 \\2 \\2/p'\''"'
lt_lt_cv_sys_global_symbol_to_c_name_address='"sed -n -e '\''s/^: \\([^ ]*\\) \$/  {\\\"\\1\\\", (lt_ptr) 0},/p'\'' -e '\''s/^[BCDEGRST] \\([^ ]*\\) \\([^ ]*\\)\$/  {\"\\2\", (lt_ptr) \\&\\2},/p'\''"'
lt_lt_cv_sys_global_symbol_to_cdecl='"sed -n -e '\''s/^. .* \\(.*\\)\$/extern int \\1;/p'\''"'

## ----------------- ##
## Output variables. ##
## ----------------- ##

ACLOCAL='${SHELL} /home/dseelig/software/tconcoord/config/missing --run aclocal-1.10'
AMDEPBACKSLASH='\'
AMDEP_FALSE='#'
AMDEP_TRUE=''
AMTAR='${SHELL} /home/dseelig/software/tconcoord/config/missing --run tar'
AR='ar'
AS='cc'
ASFLAGS=' -O3 -fomit-frame-pointer -finline-functions -Wall -Wno-unused -funroll-all-loops'
AUTOCONF='${SHELL} /home/dseelig/software/tconcoord/config/missing --run autoconf'
AUTOHEADER='${SHELL} /home/dseelig/software/tconcoord/config/missing --run autoheader'
AUTOMAKE='${SHELL} /home/dseelig/software/tconcoord/config/missing --run automake-1.10'
AWK='gawk'
CC='cc'
CCAS='cc'
CCASDEPMODE='depmode=gcc3'
CCASFLAGS=' -O3 -fomit-frame-pointer -finline-functions -Wall -Wno-unused -funroll-all-loops'
CCDEPMODE='depmode=gcc3'
CC_FOR_BUILD='cc'
CFLAGS=' -O3 -fomit-frame-pointer -finline-functions -Wall -Wno-unused -funroll-all-loops'
CPP='cc -E'
CPPFLAGS=''
CXX='g++'
CXXCPP='g++ -E'
CXXDEPMODE='depmode=gcc3'
CXXFLAGS='-g -O2'
CYGPATH_W='echo'
DEFS='-DHAVE_CONFIG_H'
DEPDIR='.deps'
DLLTOOL='dlltool'
ECHO='echo'
ECHO_C=''
ECHO_N='-n'
ECHO_T=''
EGREP='/usr/bin/grep -E'
EXEEXT=''
F77=''
F77LINK='$(LINK)'
FFLAGS=''
FLIBS=''
GMXANA_LIBOBJS=''
GMXLIB_LIBOBJS=''
GMX_DOUBLE_FALSE='#'
GMX_DOUBLE_TRUE=''
GMX_EXTERNAL_BLAS_FALSE=''
GMX_EXTERNAL_BLAS_TRUE='#'
GMX_EXTERNAL_LAPACK_FALSE=''
GMX_EXTERNAL_LAPACK_TRUE='#'
GMX_FORTRAN_FALSE=''
GMX_FORTRAN_TRUE='#'
GMX_IA32_3DNOW_FALSE=''
GMX_IA32_3DNOW_TRUE='#'
GMX_IA32_SSE2_FALSE=''
GMX_IA32_SSE2_TRUE='#'
GMX_IA32_SSE_FALSE=''
GMX_IA32_SSE_TRUE='#'
GMX_IA64_ASM_DOUBLE_FALSE=''
GMX_IA64_ASM_DOUBLE_TRUE='#'
GMX_IA64_ASM_SINGLE_FALSE=''
GMX_IA64_ASM_SINGLE_TRUE='#'
GMX_PPC_ALTIVEC_FALSE=''
GMX_PPC_ALTIVEC_TRUE='#'
GMX_PREFETCH_FORCES_FALSE=''
GMX_PREFETCH_FORCES_TRUE='#'
GMX_SOFTWARE_SQRT_FALSE='#'
GMX_SOFTWARE_SQRT_TRUE=''
GMX_THREAD_FALSE=''
GMX_THREAD_TRUE='#'
GMX_X86_64_SSE2_FALSE='#'
GMX_X86_64_SSE2_TRUE=''
GMX_X86_64_SSE_FALSE=''
GMX_X86_64_SSE_TRUE='#'
GREP='/usr/bin/grep'
INCLUDES='  '
INSTALL_DATA='${INSTALL} -m 644'
INSTALL_PROGRAM='${INSTALL}'
INSTALL_SCRIPT='${INSTALL}'
INSTALL_STRIP_PROGRAM='$(install_sh) -c -s'
LDFLAGS='  '
LIBOBJS=''
LIBS=' -L/usr/lib64 -lnsl -lfftw3 -lm   -lSM -lICE -lX11  '
LIBSUFFIX='_d'
LIBTOOL='$(SHELL) $(top_builddir)/libtool'
LN_S='ln -s'
LTLIBOBJS=''
MAKEINFO='${SHELL} /home/dseelig/software/tconcoord/config/missing --run makeinfo'
MDLIB_LIBOBJS=' qm_gaussian.lo gmx_fft_fftw3.lo'
MPICC=''
OBJDUMP='objdump'
OBJEXT='o'
PACKAGE='gromacs'
PACKAGE_BUGREPORT='gmx-users@gromacs.org'
PACKAGE_NAME='GROMACS'
PACKAGE_STRING='GROMACS 3.3.3'
PACKAGE_TARNAME='gromacs'
PACKAGE_VERSION='3.3.3'
PATH_SEPARATOR=':'
RANLIB='ranlib'
RPM='rpm'
SET_MAKE=''
SHARED_VERSION_INFO='4:0:0'
SHELL='/bin/sh'
STRIP='strip'
USE_X11_FALSE='#'
USE_X11_TRUE=''
VERSION='3.3.3'
XMKMF=''
X_CFLAGS=''
X_EXTRA_LIBS=''
X_LIBS=' -L/usr/lib64'
X_PRE_LIBS=' -lSM -lICE'
ac_ct_CC='cc'
ac_ct_CXX='g++'
ac_ct_F77=''
am__fastdepCCAS_FALSE='#'
am__fastdepCCAS_TRUE=''
am__fastdepCC_FALSE='#'
am__fastdepCC_TRUE=''
am__fastdepCXX_FALSE='#'
am__fastdepCXX_TRUE=''
am__include='include'
am__isrc=''
am__leading_dot='.'
am__quote=''
am__tar='tar --format=ustar -chf - "$$tardir"'
am__untar='tar -xf -'
bindir='${exec_prefix}/bin'
build='x86_64-unknown-linux-gnu'
build_alias=''
build_cpu='x86_64'
build_os='linux-gnu'
build_vendor='unknown'
datadir='${datarootdir}'
datarootdir='${prefix}/share'
docdir='${datarootdir}/doc/${PACKAGE_TARNAME}'
dvidir='${docdir}'
exec_prefix='${prefix}'
host='x86_64-unknown-linux-gnu'
host_alias=''
host_cpu='x86_64'
host_os='linux-gnu'
host_vendor='unknown'
htmldir='${docdir}'
includedir='${prefix}/include'
infodir='${datarootdir}/info'
install_sh='$(SHELL) /home/dseelig/software/tconcoord/config/install-sh'
libdir='${exec_prefix}/lib'
libexecdir='${exec_prefix}/libexec'
localedir='${datarootdir}/locale'
localstatedir='${prefix}/var'
mandir='${datarootdir}/man'
mkdir_p='/bin/mkdir -p'
oldincludedir='/usr/include'
pdfdir='${docdir}'
prefix='/usr/local/gromacs'
program_transform_name='s,$$,_d,'
psdir='${docdir}'
sbindir='${exec_prefix}/sbin'
sharedstatedir='${prefix}/com'
sysconfdir='${prefix}/etc'
target_alias=''

## ----------- ##
## confdefs.h. ##
## ----------- ##

#define PACKAGE_NAME "GROMACS"
#define PACKAGE_TARNAME "gromacs"
#define PACKAGE_VERSION "3.3.3"
#define PACKAGE_STRING "GROMACS 3.3.3"
#define PACKAGE_BUGREPORT "gmx-users@gromacs.org"
#define PACKAGE "gromacs"
#define VERSION "3.3.3"
#define GMX_DOUBLE
#define GMX_SOFTWARE_SQRT
#define GMX_QMMM_GAUSSIAN
#define BUILD_TIME "Fri Jun  5 16:44:14 CEST 2009"
#define BUILD_USER "dseelig@rotbein"
#define BUILD_MACHINE "Linux 2.6.22.19-0.1-default x86_64"
#define F77_OR_C_FUNC(name,NAME) name
#define F77_OR_C_FUNC_(name,NAME) name
#define STDC_HEADERS 1
#define HAVE_SYS_TYPES_H 1
#define HAVE_SYS_STAT_H 1
#define HAVE_STDLIB_H 1
#define HAVE_STRING_H 1
#define HAVE_MEMORY_H 1
#define HAVE_STRINGS_H 1
#define HAVE_INTTYPES_H 1
#define HAVE_STDINT_H 1
#define HAVE_UNISTD_H 1
#define SIZEOF_INT 4
#define SIZEOF_LONG_INT 8
#define SIZEOF_LONG_LONG_INT 8
#define FLOAT_FORMAT_IEEE754
#define HAVE_DLFCN_H 1
#define HAVE_LIBM 1
#define HAVE_LIBFFTW3 1
#define HAVE_RPC_RPC_H 1
#define HAVE_RPC_XDR_H 1
#define HAVE_LIBNSL 1
#define RETSIGTYPE void
#define HAVE_VPRINTF 1
#define HAVE_STRCASECMP 1
#define HAVE_STRDUP 1
#define HAVE_LIMITS_H 1
#define HAVE_STRINGS_H 1
#define HAVE_UNISTD_H 1
#define HAVE_UNISTD_H 1
#define GMX_X86_64_SSE2

configure: exit 0
